/home/minjea/sketch_robot_ws/install/sketch_control/lib/python3.12/site-packages/sketch_control/__init__.py
/home/minjea/sketch_robot_ws/install/sketch_control/lib/python3.12/site-packages/sketch_control/targets.py
/home/minjea/sketch_robot_ws/install/sketch_control/lib/python3.12/site-packages/sketch_control/joint_calibrator.py
/home/minjea/sketch_robot_ws/install/sketch_control/lib/python3.12/site-packages/sketch_control/moveit_executor.py
/home/minjea/sketch_robot_ws/install/sketch_control/lib/python3.12/site-packages/sketch_control/isaac_sim_ur10.py
/home/minjea/sketch_robot_ws/install/sketch_control/lib/python3.12/site-packages/sketch_control/sketch_ui.py
/home/minjea/sketch_robot_ws/install/sketch_control/lib/python3.12/site-packages/sketch_control/__pycache__/__init__.cpython-312.pyc
/home/minjea/sketch_robot_ws/install/sketch_control/lib/python3.12/site-packages/sketch_control/__pycache__/targets.cpython-312.pyc
/home/minjea/sketch_robot_ws/install/sketch_control/lib/python3.12/site-packages/sketch_control/__pycache__/joint_calibrator.cpython-312.pyc
/home/minjea/sketch_robot_ws/install/sketch_control/lib/python3.12/site-packages/sketch_control/__pycache__/moveit_executor.cpython-312.pyc
/home/minjea/sketch_robot_ws/install/sketch_control/lib/python3.12/site-packages/sketch_control/__pycache__/isaac_sim_ur10.cpython-312.pyc
/home/minjea/sketch_robot_ws/install/sketch_control/lib/python3.12/site-packages/sketch_control/__pycache__/sketch_ui.cpython-312.pyc
/home/minjea/sketch_robot_ws/install/sketch_control/share/ament_index/resource_index/packages/sketch_control
/home/minjea/sketch_robot_ws/install/sketch_control/share/sketch_control/package.xml
/home/minjea/sketch_robot_ws/install/sketch_control/share/sketch_control/launch/moveit_with_rsp.launch.py
/home/minjea/sketch_robot_ws/install/sketch_control/share/sketch_control/launch/sketch_control.launch.py
/home/minjea/sketch_robot_ws/install/sketch_control/share/sketch_control/config/objects.yaml
/home/minjea/sketch_robot_ws/install/sketch_control/lib/python3.12/site-packages/sketch_control-0.1.0-py3.12.egg-info/PKG-INFO
/home/minjea/sketch_robot_ws/install/sketch_control/lib/python3.12/site-packages/sketch_control-0.1.0-py3.12.egg-info/top_level.txt
/home/minjea/sketch_robot_ws/install/sketch_control/lib/python3.12/site-packages/sketch_control-0.1.0-py3.12.egg-info/requires.txt
/home/minjea/sketch_robot_ws/install/sketch_control/lib/python3.12/site-packages/sketch_control-0.1.0-py3.12.egg-info/dependency_links.txt
/home/minjea/sketch_robot_ws/install/sketch_control/lib/python3.12/site-packages/sketch_control-0.1.0-py3.12.egg-info/zip-safe
/home/minjea/sketch_robot_ws/install/sketch_control/lib/python3.12/site-packages/sketch_control-0.1.0-py3.12.egg-info/SOURCES.txt
/home/minjea/sketch_robot_ws/install/sketch_control/lib/python3.12/site-packages/sketch_control-0.1.0-py3.12.egg-info/entry_points.txt
/home/minjea/sketch_robot_ws/install/sketch_control/lib/sketch_control/joint_calibrator
/home/minjea/sketch_robot_ws/install/sketch_control/lib/sketch_control/moveit_executor
/home/minjea/sketch_robot_ws/install/sketch_control/lib/sketch_control/sketch_ui
