[0.676s] Invoking command in '/home/minjea/sketch_robot_ws/src/sketch_control': DEBUGINFOD_URLS=https://debuginfod.ubuntu.com PYTHONPATH=/home/minjea/sketch_robot_ws/build/sketch_control/prefix_override:/usr/lib/python3/dist-packages/colcon_core/task/python/colcon_distutils_commands:/home/minjea/sketch_robot_ws/install/sketch_control/lib/python3.12/site-packages:${PYTHONPATH} /usr/bin/python3 -W ignore:setup.py install is deprecated -W ignore:easy_install command is deprecated setup.py egg_info --egg-base ../../build/sketch_control build --build-base /home/minjea/sketch_robot_ws/build/sketch_control/build install --record /home/minjea/sketch_robot_ws/build/sketch_control/install.log --single-version-externally-managed install_data
[0.909s] running egg_info
[0.926s] writing ../../build/sketch_control/sketch_control.egg-info/PKG-INFO
[0.927s] writing dependency_links to ../../build/sketch_control/sketch_control.egg-info/dependency_links.txt
[0.927s] writing entry points to ../../build/sketch_control/sketch_control.egg-info/entry_points.txt
[0.927s] writing requirements to ../../build/sketch_control/sketch_control.egg-info/requires.txt
[0.927s] writing top-level names to ../../build/sketch_control/sketch_control.egg-info/top_level.txt
[0.964s] reading manifest file '../../build/sketch_control/sketch_control.egg-info/SOURCES.txt'
[0.964s] writing manifest file '../../build/sketch_control/sketch_control.egg-info/SOURCES.txt'
[0.965s] running build
[0.965s] running build_py
[0.965s] running install
[0.970s] running install_lib
[0.988s] running install_data
[0.989s] copying launch/moveit_with_rsp.launch.py -> /home/minjea/sketch_robot_ws/install/sketch_control/share/sketch_control/launch
[0.989s] running install_egg_info
[1.009s] removing '/home/minjea/sketch_robot_ws/install/sketch_control/lib/python3.12/site-packages/sketch_control-0.1.0-py3.12.egg-info' (and everything under it)
[1.009s] Copying ../../build/sketch_control/sketch_control.egg-info to /home/minjea/sketch_robot_ws/install/sketch_control/lib/python3.12/site-packages/sketch_control-0.1.0-py3.12.egg-info
[1.010s] running install_scripts
[1.122s] Installing moveit_executor script to /home/minjea/sketch_robot_ws/install/sketch_control/lib/sketch_control
[1.122s] Installing sketch_ui script to /home/minjea/sketch_robot_ws/install/sketch_control/lib/sketch_control
[1.122s] writing list of installed files to '/home/minjea/sketch_robot_ws/build/sketch_control/install.log'
[1.145s] Invoked command in '/home/minjea/sketch_robot_ws/src/sketch_control' returned '0': DEBUGINFOD_URLS=https://debuginfod.ubuntu.com PYTHONPATH=/home/minjea/sketch_robot_ws/build/sketch_control/prefix_override:/usr/lib/python3/dist-packages/colcon_core/task/python/colcon_distutils_commands:/home/minjea/sketch_robot_ws/install/sketch_control/lib/python3.12/site-packages:${PYTHONPATH} /usr/bin/python3 -W ignore:setup.py install is deprecated -W ignore:easy_install command is deprecated setup.py egg_info --egg-base ../../build/sketch_control build --build-base /home/minjea/sketch_robot_ws/build/sketch_control/build install --record /home/minjea/sketch_robot_ws/build/sketch_control/install.log --single-version-externally-managed install_data
