running egg_info
writing ../../build/sketch_control/sketch_control.egg-info/PKG-INFO
writing dependency_links to ../../build/sketch_control/sketch_control.egg-info/dependency_links.txt
writing entry points to ../../build/sketch_control/sketch_control.egg-info/entry_points.txt
writing requirements to ../../build/sketch_control/sketch_control.egg-info/requires.txt
writing top-level names to ../../build/sketch_control/sketch_control.egg-info/top_level.txt
reading manifest file '../../build/sketch_control/sketch_control.egg-info/SOURCES.txt'
writing manifest file '../../build/sketch_control/sketch_control.egg-info/SOURCES.txt'
running build
running build_py
copying sketch_control/joint_calibrator.py -> /home/minjea/sketch_robot_ws/build/sketch_control/build/lib/sketch_control
running install
running install_lib
copying /home/minjea/sketch_robot_ws/build/sketch_control/build/lib/sketch_control/joint_calibrator.py -> /home/minjea/sketch_robot_ws/install/sketch_control/lib/python3.12/site-packages/sketch_control
byte-compiling /home/minjea/sketch_robot_ws/install/sketch_control/lib/python3.12/site-packages/sketch_control/joint_calibrator.py to joint_calibrator.cpython-312.pyc
running install_data
running install_egg_info
removing '/home/minjea/sketch_robot_ws/install/sketch_control/lib/python3.12/site-packages/sketch_control-0.1.0-py3.12.egg-info' (and everything under it)
Copying ../../build/sketch_control/sketch_control.egg-info to /home/minjea/sketch_robot_ws/install/sketch_control/lib/python3.12/site-packages/sketch_control-0.1.0-py3.12.egg-info
running install_scripts
Installing joint_calibrator script to /home/minjea/sketch_robot_ws/install/sketch_control/lib/sketch_control
Installing moveit_executor script to /home/minjea/sketch_robot_ws/install/sketch_control/lib/sketch_control
Installing sketch_ui script to /home/minjea/sketch_robot_ws/install/sketch_control/lib/sketch_control
writing list of installed files to '/home/minjea/sketch_robot_ws/build/sketch_control/install.log'
