[0.684s] Invoking command in '/home/minjea/sketch_robot_ws/src/sketch_control': DEBUGINFOD_URLS=https://debuginfod.ubuntu.com PYTHONPATH=/home/minjea/sketch_robot_ws/build/sketch_control/prefix_override:/usr/lib/python3/dist-packages/colcon_core/task/python/colcon_distutils_commands:/home/minjea/sketch_robot_ws/install/sketch_control/lib/python3.12/site-packages:${PYTHONPATH} /usr/bin/python3 -W ignore:setup.py install is deprecated -W ignore:easy_install command is deprecated setup.py egg_info --egg-base ../../build/sketch_control build --build-base /home/minjea/sketch_robot_ws/build/sketch_control/build install --record /home/minjea/sketch_robot_ws/build/sketch_control/install.log --single-version-externally-managed install_data
[0.916s] running egg_info
[0.933s] writing ../../build/sketch_control/sketch_control.egg-info/PKG-INFO
[0.933s] writing dependency_links to ../../build/sketch_control/sketch_control.egg-info/dependency_links.txt
[0.933s] writing entry points to ../../build/sketch_control/sketch_control.egg-info/entry_points.txt
[0.933s] writing requirements to ../../build/sketch_control/sketch_control.egg-info/requires.txt
[0.933s] writing top-level names to ../../build/sketch_control/sketch_control.egg-info/top_level.txt
[0.967s] reading manifest file '../../build/sketch_control/sketch_control.egg-info/SOURCES.txt'
[0.967s] writing manifest file '../../build/sketch_control/sketch_control.egg-info/SOURCES.txt'
[0.968s] running build
[0.968s] running build_py
[0.968s] copying sketch_control/joint_calibrator.py -> /home/minjea/sketch_robot_ws/build/sketch_control/build/lib/sketch_control
[0.968s] running install
[0.974s] running install_lib
[0.991s] copying /home/minjea/sketch_robot_ws/build/sketch_control/build/lib/sketch_control/joint_calibrator.py -> /home/minjea/sketch_robot_ws/install/sketch_control/lib/python3.12/site-packages/sketch_control
[0.991s] byte-compiling /home/minjea/sketch_robot_ws/install/sketch_control/lib/python3.12/site-packages/sketch_control/joint_calibrator.py to joint_calibrator.cpython-312.pyc
[0.993s] running install_data
[0.993s] running install_egg_info
[1.012s] removing '/home/minjea/sketch_robot_ws/install/sketch_control/lib/python3.12/site-packages/sketch_control-0.1.0-py3.12.egg-info' (and everything under it)
[1.012s] Copying ../../build/sketch_control/sketch_control.egg-info to /home/minjea/sketch_robot_ws/install/sketch_control/lib/python3.12/site-packages/sketch_control-0.1.0-py3.12.egg-info
[1.013s] running install_scripts
[1.127s] Installing joint_calibrator script to /home/minjea/sketch_robot_ws/install/sketch_control/lib/sketch_control
[1.127s] Installing moveit_executor script to /home/minjea/sketch_robot_ws/install/sketch_control/lib/sketch_control
[1.129s] Installing sketch_ui script to /home/minjea/sketch_robot_ws/install/sketch_control/lib/sketch_control
[1.129s] writing list of installed files to '/home/minjea/sketch_robot_ws/build/sketch_control/install.log'
[1.148s] Invoked command in '/home/minjea/sketch_robot_ws/src/sketch_control' returned '0': DEBUGINFOD_URLS=https://debuginfod.ubuntu.com PYTHONPATH=/home/minjea/sketch_robot_ws/build/sketch_control/prefix_override:/usr/lib/python3/dist-packages/colcon_core/task/python/colcon_distutils_commands:/home/minjea/sketch_robot_ws/install/sketch_control/lib/python3.12/site-packages:${PYTHONPATH} /usr/bin/python3 -W ignore:setup.py install is deprecated -W ignore:easy_install command is deprecated setup.py egg_info --egg-base ../../build/sketch_control build --build-base /home/minjea/sketch_robot_ws/build/sketch_control/build install --record /home/minjea/sketch_robot_ws/build/sketch_control/install.log --single-version-externally-managed install_data
