running develop
running egg_info
writing sketch_control.egg-info/PKG-INFO
writing dependency_links to sketch_control.egg-info/dependency_links.txt
writing entry points to sketch_control.egg-info/entry_points.txt
writing requirements to sketch_control.egg-info/requires.txt
writing top-level names to sketch_control.egg-info/top_level.txt
reading manifest file 'sketch_control.egg-info/SOURCES.txt'
writing manifest file 'sketch_control.egg-info/SOURCES.txt'
running build_ext
Creating /home/minjea/sketch_robot_ws/install/sketch_control/lib/python3.12/site-packages/sketch-control.egg-link (link to .)
Installing joint_calibrator script to /home/minjea/sketch_robot_ws/install/sketch_control/lib/sketch_control
Installing moveit_executor script to /home/minjea/sketch_robot_ws/install/sketch_control/lib/sketch_control
Installing sketch_ui script to /home/minjea/sketch_robot_ws/install/sketch_control/lib/sketch_control
Installing weld_visualizer script to /home/minjea/sketch_robot_ws/install/sketch_control/lib/sketch_control

Installed /home/minjea/sketch_robot_ws/build/sketch_control
running symlink_data
symbolically linking /home/minjea/sketch_robot_ws/build/sketch_control/launch/phase2_unity.launch.py -> /home/minjea/sketch_robot_ws/install/sketch_control/share/sketch_control/launch
symbolically linking /home/minjea/sketch_robot_ws/build/sketch_control/launch/core.launch.py -> /home/minjea/sketch_robot_ws/install/sketch_control/share/sketch_control/launch
symbolically linking /home/minjea/sketch_robot_ws/build/sketch_control/launch/phase1_python.launch.py -> /home/minjea/sketch_robot_ws/install/sketch_control/share/sketch_control/launch
