[0.676s] Invoking command in '/home/minjea/sketch_robot_ws/build/sketch_control': DEBUGINFOD_URLS=https://debuginfod.ubuntu.com PYTHONPATH=/home/minjea/sketch_robot_ws/build/sketch_control/prefix_override:/usr/lib/python3/dist-packages/colcon_core/task/python/colcon_distutils_commands:/home/minjea/sketch_robot_ws/install/sketch_control/lib/python3.12/site-packages:${PYTHONPATH} /usr/bin/python3 -W ignore:setup.py install is deprecated -W ignore:easy_install command is deprecated setup.py develop --editable --build-directory /home/minjea/sketch_robot_ws/build/sketch_control/build --no-deps symlink_data
[0.919s] running develop
[1.075s] running egg_info
[1.090s] writing sketch_control.egg-info/PKG-INFO
[1.090s] writing dependency_links to sketch_control.egg-info/dependency_links.txt
[1.090s] writing entry points to sketch_control.egg-info/entry_points.txt
[1.090s] writing requirements to sketch_control.egg-info/requires.txt
[1.091s] writing top-level names to sketch_control.egg-info/top_level.txt
[1.121s] reading manifest file 'sketch_control.egg-info/SOURCES.txt'
[1.122s] writing manifest file 'sketch_control.egg-info/SOURCES.txt'
[1.138s] running build_ext
[1.138s] Creating /home/minjea/sketch_robot_ws/install/sketch_control/lib/python3.12/site-packages/sketch-control.egg-link (link to .)
[1.138s] Installing joint_calibrator script to /home/minjea/sketch_robot_ws/install/sketch_control/lib/sketch_control
[1.138s] Installing moveit_executor script to /home/minjea/sketch_robot_ws/install/sketch_control/lib/sketch_control
[1.139s] Installing sketch_ui script to /home/minjea/sketch_robot_ws/install/sketch_control/lib/sketch_control
[1.139s] Installing weld_visualizer script to /home/minjea/sketch_robot_ws/install/sketch_control/lib/sketch_control
[1.139s] 
[1.139s] Installed /home/minjea/sketch_robot_ws/build/sketch_control
[1.139s] running symlink_data
[1.139s] symbolically linking /home/minjea/sketch_robot_ws/build/sketch_control/launch/phase2_unity.launch.py -> /home/minjea/sketch_robot_ws/install/sketch_control/share/sketch_control/launch
[1.139s] symbolically linking /home/minjea/sketch_robot_ws/build/sketch_control/launch/core.launch.py -> /home/minjea/sketch_robot_ws/install/sketch_control/share/sketch_control/launch
[1.139s] symbolically linking /home/minjea/sketch_robot_ws/build/sketch_control/launch/phase1_python.launch.py -> /home/minjea/sketch_robot_ws/install/sketch_control/share/sketch_control/launch
[1.158s] Invoked command in '/home/minjea/sketch_robot_ws/build/sketch_control' returned '0': DEBUGINFOD_URLS=https://debuginfod.ubuntu.com PYTHONPATH=/home/minjea/sketch_robot_ws/build/sketch_control/prefix_override:/usr/lib/python3/dist-packages/colcon_core/task/python/colcon_distutils_commands:/home/minjea/sketch_robot_ws/install/sketch_control/lib/python3.12/site-packages:${PYTHONPATH} /usr/bin/python3 -W ignore:setup.py install is deprecated -W ignore:easy_install command is deprecated setup.py develop --editable --build-directory /home/minjea/sketch_robot_ws/build/sketch_control/build --no-deps symlink_data
