[0.679s] Invoking command in '/home/minjea/sketch_robot_ws/build/sketch_control': DEBUGINFOD_URLS=https://debuginfod.ubuntu.com PYTHONPATH=/home/minjea/sketch_robot_ws/build/sketch_control/prefix_override:/usr/lib/python3/dist-packages/colcon_core/task/python/colcon_distutils_commands:/home/minjea/sketch_robot_ws/install/sketch_control/lib/python3.12/site-packages:${PYTHONPATH} /usr/bin/python3 -W ignore:setup.py install is deprecated -W ignore:easy_install command is deprecated setup.py develop --editable --build-directory /home/minjea/sketch_robot_ws/build/sketch_control/build --no-deps symlink_data
[0.920s] running develop
[1.086s] running egg_info
[1.101s] writing sketch_control.egg-info/PKG-INFO
[1.102s] writing dependency_links to sketch_control.egg-info/dependency_links.txt
[1.102s] writing entry points to sketch_control.egg-info/entry_points.txt
[1.102s] writing requirements to sketch_control.egg-info/requires.txt
[1.102s] writing top-level names to sketch_control.egg-info/top_level.txt
[1.132s] reading manifest file 'sketch_control.egg-info/SOURCES.txt'
[1.133s] writing manifest file 'sketch_control.egg-info/SOURCES.txt'
[1.149s] running build_ext
[1.149s] Creating /home/minjea/sketch_robot_ws/install/sketch_control/lib/python3.12/site-packages/sketch-control.egg-link (link to .)
[1.150s] Installing joint_calibrator script to /home/minjea/sketch_robot_ws/install/sketch_control/lib/sketch_control
[1.150s] Installing moveit_executor script to /home/minjea/sketch_robot_ws/install/sketch_control/lib/sketch_control
[1.150s] Installing sketch_ui script to /home/minjea/sketch_robot_ws/install/sketch_control/lib/sketch_control
[1.150s] Installing weld_visualizer script to /home/minjea/sketch_robot_ws/install/sketch_control/lib/sketch_control
[1.150s] 
[1.150s] Installed /home/minjea/sketch_robot_ws/build/sketch_control
[1.150s] running symlink_data
[1.169s] Invoked command in '/home/minjea/sketch_robot_ws/build/sketch_control' returned '0': DEBUGINFOD_URLS=https://debuginfod.ubuntu.com PYTHONPATH=/home/minjea/sketch_robot_ws/build/sketch_control/prefix_override:/usr/lib/python3/dist-packages/colcon_core/task/python/colcon_distutils_commands:/home/minjea/sketch_robot_ws/install/sketch_control/lib/python3.12/site-packages:${PYTHONPATH} /usr/bin/python3 -W ignore:setup.py install is deprecated -W ignore:easy_install command is deprecated setup.py develop --editable --build-directory /home/minjea/sketch_robot_ws/build/sketch_control/build --no-deps symlink_data
