running egg_info
creating ../../build/sketch_control/sketch_control.egg-info
writing ../../build/sketch_control/sketch_control.egg-info/PKG-INFO
writing dependency_links to ../../build/sketch_control/sketch_control.egg-info/dependency_links.txt
writing entry points to ../../build/sketch_control/sketch_control.egg-info/entry_points.txt
writing requirements to ../../build/sketch_control/sketch_control.egg-info/requires.txt
writing top-level names to ../../build/sketch_control/sketch_control.egg-info/top_level.txt
writing manifest file '../../build/sketch_control/sketch_control.egg-info/SOURCES.txt'
reading manifest file '../../build/sketch_control/sketch_control.egg-info/SOURCES.txt'
writing manifest file '../../build/sketch_control/sketch_control.egg-info/SOURCES.txt'
running build
running build_py
creating /home/minjea/sketch_robot_ws/build/sketch_control/build
creating /home/minjea/sketch_robot_ws/build/sketch_control/build/lib
creating /home/minjea/sketch_robot_ws/build/sketch_control/build/lib/sketch_control
copying sketch_control/__init__.py -> /home/minjea/sketch_robot_ws/build/sketch_control/build/lib/sketch_control
copying sketch_control/targets.py -> /home/minjea/sketch_robot_ws/build/sketch_control/build/lib/sketch_control
copying sketch_control/moveit_executor.py -> /home/minjea/sketch_robot_ws/build/sketch_control/build/lib/sketch_control
copying sketch_control/isaac_sim_ur10.py -> /home/minjea/sketch_robot_ws/build/sketch_control/build/lib/sketch_control
copying sketch_control/sketch_ui.py -> /home/minjea/sketch_robot_ws/build/sketch_control/build/lib/sketch_control
running install
running install_lib
creating /home/minjea/sketch_robot_ws/install/sketch_control/lib/python3.12/site-packages/sketch_control
copying /home/minjea/sketch_robot_ws/build/sketch_control/build/lib/sketch_control/__init__.py -> /home/minjea/sketch_robot_ws/install/sketch_control/lib/python3.12/site-packages/sketch_control
copying /home/minjea/sketch_robot_ws/build/sketch_control/build/lib/sketch_control/targets.py -> /home/minjea/sketch_robot_ws/install/sketch_control/lib/python3.12/site-packages/sketch_control
copying /home/minjea/sketch_robot_ws/build/sketch_control/build/lib/sketch_control/moveit_executor.py -> /home/minjea/sketch_robot_ws/install/sketch_control/lib/python3.12/site-packages/sketch_control
copying /home/minjea/sketch_robot_ws/build/sketch_control/build/lib/sketch_control/isaac_sim_ur10.py -> /home/minjea/sketch_robot_ws/install/sketch_control/lib/python3.12/site-packages/sketch_control
copying /home/minjea/sketch_robot_ws/build/sketch_control/build/lib/sketch_control/sketch_ui.py -> /home/minjea/sketch_robot_ws/install/sketch_control/lib/python3.12/site-packages/sketch_control
byte-compiling /home/minjea/sketch_robot_ws/install/sketch_control/lib/python3.12/site-packages/sketch_control/__init__.py to __init__.cpython-312.pyc
byte-compiling /home/minjea/sketch_robot_ws/install/sketch_control/lib/python3.12/site-packages/sketch_control/targets.py to targets.cpython-312.pyc
byte-compiling /home/minjea/sketch_robot_ws/install/sketch_control/lib/python3.12/site-packages/sketch_control/moveit_executor.py to moveit_executor.cpython-312.pyc
byte-compiling /home/minjea/sketch_robot_ws/install/sketch_control/lib/python3.12/site-packages/sketch_control/isaac_sim_ur10.py to isaac_sim_ur10.cpython-312.pyc
byte-compiling /home/minjea/sketch_robot_ws/install/sketch_control/lib/python3.12/site-packages/sketch_control/sketch_ui.py to sketch_ui.cpython-312.pyc
running install_data
creating /home/minjea/sketch_robot_ws/install/sketch_control/share/ament_index
creating /home/minjea/sketch_robot_ws/install/sketch_control/share/ament_index/resource_index
creating /home/minjea/sketch_robot_ws/install/sketch_control/share/ament_index/resource_index/packages
copying resource/sketch_control -> /home/minjea/sketch_robot_ws/install/sketch_control/share/ament_index/resource_index/packages
copying package.xml -> /home/minjea/sketch_robot_ws/install/sketch_control/share/sketch_control
creating /home/minjea/sketch_robot_ws/install/sketch_control/share/sketch_control/launch
copying launch/sketch_control.launch.py -> /home/minjea/sketch_robot_ws/install/sketch_control/share/sketch_control/launch
creating /home/minjea/sketch_robot_ws/install/sketch_control/share/sketch_control/config
copying config/objects.yaml -> /home/minjea/sketch_robot_ws/install/sketch_control/share/sketch_control/config
running install_egg_info
Copying ../../build/sketch_control/sketch_control.egg-info to /home/minjea/sketch_robot_ws/install/sketch_control/lib/python3.12/site-packages/sketch_control-0.1.0-py3.12.egg-info
running install_scripts
Installing moveit_executor script to /home/minjea/sketch_robot_ws/install/sketch_control/lib/sketch_control
Installing sketch_ui script to /home/minjea/sketch_robot_ws/install/sketch_control/lib/sketch_control
writing list of installed files to '/home/minjea/sketch_robot_ws/build/sketch_control/install.log'
