[0.582s] Invoking command in '/home/minjea/sketch_robot_ws/src/sketch_control': DEBUGINFOD_URLS=https://debuginfod.ubuntu.com PYTHONPATH=/home/minjea/sketch_robot_ws/build/sketch_control/prefix_override:/usr/lib/python3/dist-packages/colcon_core/task/python/colcon_distutils_commands:/home/minjea/sketch_robot_ws/install/sketch_control/lib/python3.12/site-packages:${PYTHONPATH} /usr/bin/python3 -W ignore:setup.py install is deprecated -W ignore:easy_install command is deprecated setup.py egg_info --egg-base ../../build/sketch_control build --build-base /home/minjea/sketch_robot_ws/build/sketch_control/build install --record /home/minjea/sketch_robot_ws/build/sketch_control/install.log --single-version-externally-managed install_data
[0.777s] running egg_info
[0.791s] writing ../../build/sketch_control/sketch_control.egg-info/PKG-INFO
[0.791s] writing dependency_links to ../../build/sketch_control/sketch_control.egg-info/dependency_links.txt
[0.791s] writing entry points to ../../build/sketch_control/sketch_control.egg-info/entry_points.txt
[0.791s] writing requirements to ../../build/sketch_control/sketch_control.egg-info/requires.txt
[0.792s] writing top-level names to ../../build/sketch_control/sketch_control.egg-info/top_level.txt
[0.821s] reading manifest file '../../build/sketch_control/sketch_control.egg-info/SOURCES.txt'
[0.822s] writing manifest file '../../build/sketch_control/sketch_control.egg-info/SOURCES.txt'
[0.822s] running build
[0.822s] running build_py
[0.822s] copying sketch_control/sketch_ui.py -> /home/minjea/sketch_robot_ws/build/sketch_control/build/lib/sketch_control
[0.822s] running install
[0.827s] running install_lib
[0.841s] copying /home/minjea/sketch_robot_ws/build/sketch_control/build/lib/sketch_control/sketch_ui.py -> /home/minjea/sketch_robot_ws/install/sketch_control/lib/python3.12/site-packages/sketch_control
[0.842s] byte-compiling /home/minjea/sketch_robot_ws/install/sketch_control/lib/python3.12/site-packages/sketch_control/sketch_ui.py to sketch_ui.cpython-312.pyc
[0.844s] running install_data
[0.845s] running install_egg_info
[0.860s] removing '/home/minjea/sketch_robot_ws/install/sketch_control/lib/python3.12/site-packages/sketch_control-0.1.0-py3.12.egg-info' (and everything under it)
[0.861s] Copying ../../build/sketch_control/sketch_control.egg-info to /home/minjea/sketch_robot_ws/install/sketch_control/lib/python3.12/site-packages/sketch_control-0.1.0-py3.12.egg-info
[0.861s] running install_scripts
[0.962s] Installing moveit_executor script to /home/minjea/sketch_robot_ws/install/sketch_control/lib/sketch_control
[0.963s] Installing sketch_ui script to /home/minjea/sketch_robot_ws/install/sketch_control/lib/sketch_control
[0.963s] writing list of installed files to '/home/minjea/sketch_robot_ws/build/sketch_control/install.log'
[0.981s] Invoked command in '/home/minjea/sketch_robot_ws/src/sketch_control' returned '0': DEBUGINFOD_URLS=https://debuginfod.ubuntu.com PYTHONPATH=/home/minjea/sketch_robot_ws/build/sketch_control/prefix_override:/usr/lib/python3/dist-packages/colcon_core/task/python/colcon_distutils_commands:/home/minjea/sketch_robot_ws/install/sketch_control/lib/python3.12/site-packages:${PYTHONPATH} /usr/bin/python3 -W ignore:setup.py install is deprecated -W ignore:easy_install command is deprecated setup.py egg_info --egg-base ../../build/sketch_control build --build-base /home/minjea/sketch_robot_ws/build/sketch_control/build install --record /home/minjea/sketch_robot_ws/build/sketch_control/install.log --single-version-externally-managed install_data
