[0.593s] Invoking command in '/home/minjea/sketch_robot_ws/src/sketch_control': DEBUGINFOD_URLS=https://debuginfod.ubuntu.com PYTHONPATH=/home/minjea/sketch_robot_ws/build/sketch_control/prefix_override:/usr/lib/python3/dist-packages/colcon_core/task/python/colcon_distutils_commands:/home/minjea/sketch_robot_ws/install/sketch_control/lib/python3.12/site-packages:${PYTHONPATH} /usr/bin/python3 -W ignore:setup.py install is deprecated -W ignore:easy_install command is deprecated setup.py egg_info --egg-base ../../build/sketch_control build --build-base /home/minjea/sketch_robot_ws/build/sketch_control/build install --record /home/minjea/sketch_robot_ws/build/sketch_control/install.log --single-version-externally-managed install_data
[0.795s] running egg_info
[0.810s] writing ../../build/sketch_control/sketch_control.egg-info/PKG-INFO
[0.810s] writing dependency_links to ../../build/sketch_control/sketch_control.egg-info/dependency_links.txt
[0.810s] writing entry points to ../../build/sketch_control/sketch_control.egg-info/entry_points.txt
[0.810s] writing requirements to ../../build/sketch_control/sketch_control.egg-info/requires.txt
[0.810s] writing top-level names to ../../build/sketch_control/sketch_control.egg-info/top_level.txt
[0.840s] reading manifest file '../../build/sketch_control/sketch_control.egg-info/SOURCES.txt'
[0.840s] writing manifest file '../../build/sketch_control/sketch_control.egg-info/SOURCES.txt'
[0.841s] running build
[0.841s] running build_py
[0.841s] copying sketch_control/isaac_sim_ur10.py -> /home/minjea/sketch_robot_ws/build/sketch_control/build/lib/sketch_control
[0.841s] running install
[0.846s] running install_lib
[0.861s] copying /home/minjea/sketch_robot_ws/build/sketch_control/build/lib/sketch_control/isaac_sim_ur10.py -> /home/minjea/sketch_robot_ws/install/sketch_control/lib/python3.12/site-packages/sketch_control
[0.861s] byte-compiling /home/minjea/sketch_robot_ws/install/sketch_control/lib/python3.12/site-packages/sketch_control/isaac_sim_ur10.py to isaac_sim_ur10.cpython-312.pyc
[0.864s] running install_data
[0.865s] running install_egg_info
[0.881s] removing '/home/minjea/sketch_robot_ws/install/sketch_control/lib/python3.12/site-packages/sketch_control-0.1.0-py3.12.egg-info' (and everything under it)
[0.881s] Copying ../../build/sketch_control/sketch_control.egg-info to /home/minjea/sketch_robot_ws/install/sketch_control/lib/python3.12/site-packages/sketch_control-0.1.0-py3.12.egg-info
[0.882s] running install_scripts
[0.992s] Installing joint_calibrator script to /home/minjea/sketch_robot_ws/install/sketch_control/lib/sketch_control
[0.992s] Installing moveit_executor script to /home/minjea/sketch_robot_ws/install/sketch_control/lib/sketch_control
[0.992s] Installing sketch_ui script to /home/minjea/sketch_robot_ws/install/sketch_control/lib/sketch_control
[0.992s] writing list of installed files to '/home/minjea/sketch_robot_ws/build/sketch_control/install.log'
[1.010s] Invoked command in '/home/minjea/sketch_robot_ws/src/sketch_control' returned '0': DEBUGINFOD_URLS=https://debuginfod.ubuntu.com PYTHONPATH=/home/minjea/sketch_robot_ws/build/sketch_control/prefix_override:/usr/lib/python3/dist-packages/colcon_core/task/python/colcon_distutils_commands:/home/minjea/sketch_robot_ws/install/sketch_control/lib/python3.12/site-packages:${PYTHONPATH} /usr/bin/python3 -W ignore:setup.py install is deprecated -W ignore:easy_install command is deprecated setup.py egg_info --egg-base ../../build/sketch_control build --build-base /home/minjea/sketch_robot_ws/build/sketch_control/build install --record /home/minjea/sketch_robot_ws/build/sketch_control/install.log --single-version-externally-managed install_data
