running develop
running egg_info
creating sketch_control.egg-info
writing sketch_control.egg-info/PKG-INFO
writing dependency_links to sketch_control.egg-info/dependency_links.txt
writing entry points to sketch_control.egg-info/entry_points.txt
writing requirements to sketch_control.egg-info/requires.txt
writing top-level names to sketch_control.egg-info/top_level.txt
writing manifest file 'sketch_control.egg-info/SOURCES.txt'
reading manifest file 'sketch_control.egg-info/SOURCES.txt'
writing manifest file 'sketch_control.egg-info/SOURCES.txt'
running build_ext
Creating /home/minjea/sketch_robot_ws/install/sketch_control/lib/python3.12/site-packages/sketch-control.egg-link (link to .)
Installing joint_calibrator script to /home/minjea/sketch_robot_ws/install/sketch_control/lib/sketch_control
Installing moveit_executor script to /home/minjea/sketch_robot_ws/install/sketch_control/lib/sketch_control
Installing sketch_ui script to /home/minjea/sketch_robot_ws/install/sketch_control/lib/sketch_control

Installed /home/minjea/sketch_robot_ws/build/sketch_control
running symlink_data
creating /home/minjea/sketch_robot_ws/install/sketch_control/share/ament_index
creating /home/minjea/sketch_robot_ws/install/sketch_control/share/ament_index/resource_index
creating /home/minjea/sketch_robot_ws/install/sketch_control/share/ament_index/resource_index/packages
symbolically linking /home/minjea/sketch_robot_ws/build/sketch_control/resource/sketch_control -> /home/minjea/sketch_robot_ws/install/sketch_control/share/ament_index/resource_index/packages
symbolically linking /home/minjea/sketch_robot_ws/build/sketch_control/package.xml -> /home/minjea/sketch_robot_ws/install/sketch_control/share/sketch_control
creating /home/minjea/sketch_robot_ws/install/sketch_control/share/sketch_control/launch
symbolically linking /home/minjea/sketch_robot_ws/build/sketch_control/launch/moveit_with_rsp.launch.py -> /home/minjea/sketch_robot_ws/install/sketch_control/share/sketch_control/launch
symbolically linking /home/minjea/sketch_robot_ws/build/sketch_control/launch/sketch_control.launch.py -> /home/minjea/sketch_robot_ws/install/sketch_control/share/sketch_control/launch
creating /home/minjea/sketch_robot_ws/install/sketch_control/share/sketch_control/config
symbolically linking /home/minjea/sketch_robot_ws/build/sketch_control/config/objects.yaml -> /home/minjea/sketch_robot_ws/install/sketch_control/share/sketch_control/config
