[0.602s] Invoking command in '/home/minjea/sketch_robot_ws/build/sketch_control': DEBUGINFOD_URLS=https://debuginfod.ubuntu.com PYTHONPATH=/home/minjea/sketch_robot_ws/build/sketch_control/prefix_override:/usr/lib/python3/dist-packages/colcon_core/task/python/colcon_distutils_commands:/home/minjea/sketch_robot_ws/install/sketch_control/lib/python3.12/site-packages:${PYTHONPATH} /usr/bin/python3 -W ignore:setup.py install is deprecated -W ignore:easy_install command is deprecated setup.py develop --editable --build-directory /home/minjea/sketch_robot_ws/build/sketch_control/build --no-deps symlink_data
[0.846s] running develop
[1.008s] running egg_info
[1.008s] creating sketch_control.egg-info
[1.022s] writing sketch_control.egg-info/PKG-INFO
[1.022s] writing dependency_links to sketch_control.egg-info/dependency_links.txt
[1.022s] writing entry points to sketch_control.egg-info/entry_points.txt
[1.022s] writing requirements to sketch_control.egg-info/requires.txt
[1.022s] writing top-level names to sketch_control.egg-info/top_level.txt
[1.023s] writing manifest file 'sketch_control.egg-info/SOURCES.txt'
[1.052s] reading manifest file 'sketch_control.egg-info/SOURCES.txt'
[1.053s] writing manifest file 'sketch_control.egg-info/SOURCES.txt'
[1.068s] running build_ext
[1.068s] Creating /home/minjea/sketch_robot_ws/install/sketch_control/lib/python3.12/site-packages/sketch-control.egg-link (link to .)
[1.069s] Installing joint_calibrator script to /home/minjea/sketch_robot_ws/install/sketch_control/lib/sketch_control
[1.069s] Installing moveit_executor script to /home/minjea/sketch_robot_ws/install/sketch_control/lib/sketch_control
[1.069s] Installing sketch_ui script to /home/minjea/sketch_robot_ws/install/sketch_control/lib/sketch_control
[1.069s] 
[1.069s] Installed /home/minjea/sketch_robot_ws/build/sketch_control
[1.069s] running symlink_data
[1.069s] creating /home/minjea/sketch_robot_ws/install/sketch_control/share/ament_index
[1.069s] creating /home/minjea/sketch_robot_ws/install/sketch_control/share/ament_index/resource_index
[1.069s] creating /home/minjea/sketch_robot_ws/install/sketch_control/share/ament_index/resource_index/packages
[1.070s] symbolically linking /home/minjea/sketch_robot_ws/build/sketch_control/resource/sketch_control -> /home/minjea/sketch_robot_ws/install/sketch_control/share/ament_index/resource_index/packages
[1.070s] symbolically linking /home/minjea/sketch_robot_ws/build/sketch_control/package.xml -> /home/minjea/sketch_robot_ws/install/sketch_control/share/sketch_control
[1.070s] creating /home/minjea/sketch_robot_ws/install/sketch_control/share/sketch_control/launch
[1.070s] symbolically linking /home/minjea/sketch_robot_ws/build/sketch_control/launch/moveit_with_rsp.launch.py -> /home/minjea/sketch_robot_ws/install/sketch_control/share/sketch_control/launch
[1.070s] symbolically linking /home/minjea/sketch_robot_ws/build/sketch_control/launch/sketch_control.launch.py -> /home/minjea/sketch_robot_ws/install/sketch_control/share/sketch_control/launch
[1.070s] creating /home/minjea/sketch_robot_ws/install/sketch_control/share/sketch_control/config
[1.070s] symbolically linking /home/minjea/sketch_robot_ws/build/sketch_control/config/objects.yaml -> /home/minjea/sketch_robot_ws/install/sketch_control/share/sketch_control/config
[1.091s] Invoked command in '/home/minjea/sketch_robot_ws/build/sketch_control' returned '0': DEBUGINFOD_URLS=https://debuginfod.ubuntu.com PYTHONPATH=/home/minjea/sketch_robot_ws/build/sketch_control/prefix_override:/usr/lib/python3/dist-packages/colcon_core/task/python/colcon_distutils_commands:/home/minjea/sketch_robot_ws/install/sketch_control/lib/python3.12/site-packages:${PYTHONPATH} /usr/bin/python3 -W ignore:setup.py install is deprecated -W ignore:easy_install command is deprecated setup.py develop --editable --build-directory /home/minjea/sketch_robot_ws/build/sketch_control/build --no-deps symlink_data
